<?xml version="1.0" encoding="UTF-8"?>
<!-- Generated by org.testng.reporters.JUnitReportReporter -->
<testsuite hostname="DESKTOP-SNILOAU" failures="0" tests="1" name="org.nadim.dataproviderParameter.TC001_ReadDataFromXMLToTestMethod" time="0.009" errors="0" timestamp="2024-08-27T12:10:53 BDT" skipped="0">
  <testcase classname="org.nadim.dataproviderParameter.TC001_ReadDataFromXMLToTestMethod" name="testMethod" time="0.009"/>
</testsuite> <!-- org.nadim.dataproviderParameter.TC001_ReadDataFromXMLToTestMethod -->
