<?xml version="1.0" encoding="UTF-8"?>
<!-- Generated by org.testng.reporters.JUnitReportReporter -->
<testsuite hostname="DESKTOP-SNILOAU" failures="0" tests="2" name="org.nadim.dataproviderParameter.TC002_TestNGParallelExecution1" time="4.032" errors="0" timestamp="2024-08-27T12:21:22 BDT" skipped="0">
  <testcase classname="org.nadim.dataproviderParameter.TC002_TestNGParallelExecution1" name="testMethod2" time="4.016"/>
  <testcase classname="org.nadim.dataproviderParameter.TC002_TestNGParallelExecution1" name="testMethod" time="0.016"/>
</testsuite> <!-- org.nadim.dataproviderParameter.TC002_TestNGParallelExecution1 -->
