<?xml version="1.0" encoding="UTF-8"?>
<!-- Generated by org.testng.reporters.JUnitReportReporter -->
<testsuite hostname="DESKTOP-SNILOAU" failures="0" tests="2" name="org.nadim.dataproviderParameter.TC004_TestNGDataProvider1" time="0.018" errors="0" timestamp="2024-08-27T12:45:25 BDT" skipped="0">
  <testcase classname="org.nadim.dataproviderParameter.TC004_TestNGDataProvider1" name="testMethod" time="0.010"/>
  <testcase classname="org.nadim.dataproviderParameter.TC004_TestNGDataProvider1" name="testMethod" time="0.008"/>
</testsuite> <!-- org.nadim.dataproviderParameter.TC004_TestNGDataProvider1 -->
