<?xml version="1.0" encoding="UTF-8"?>
<!-- Generated by org.testng.reporters.JUnitReportReporter -->
<testsuite hostname="DESKTOP-SNILOAU" failures="0" tests="2" name="org.nadim.testscripts.TC004_TestNG_BeforeAndAfterMethod" time="0.025" errors="0" timestamp="2024-08-26T17:11:34 BDT" skipped="0">
  <testcase classname="org.nadim.testscripts.TC004_TestNG_BeforeAndAfterMethod" name="testMethod1" time="0.016"/>
  <testcase classname="org.nadim.testscripts.TC004_TestNG_BeforeAndAfterMethod" name="testMethod2" time="0.009"/>
</testsuite> <!-- org.nadim.testscripts.TC004_TestNG_BeforeAndAfterMethod -->
