<?xml version="1.0" encoding="UTF-8"?>
<!-- Generated by org.testng.reporters.JUnitReportReporter -->
<testsuite hostname="DESKTOP-SNILOAU" failures="0" tests="2" name="org.nadim.testscripts.TC005_TestNG_BeforeAndAfterClass" time="0.010" errors="0" timestamp="2024-08-26T17:11:34 BDT" skipped="0">
  <testcase classname="org.nadim.testscripts.TC005_TestNG_BeforeAndAfterClass" name="testMethod2" time="0.005"/>
  <testcase classname="org.nadim.testscripts.TC005_TestNG_BeforeAndAfterClass" name="testMethod1" time="0.005"/>
</testsuite> <!-- org.nadim.testscripts.TC005_TestNG_BeforeAndAfterClass -->
