<?xml version="1.0" encoding="UTF-8"?>
<!-- Generated by org.testng.reporters.JUnitReportReporter -->
<testsuite hostname="DESKTOP-SNILOAU" failures="0" tests="2" name="org.nadim.testscripts.TC006_TestNGBeforeAfterMethodandClass" time="0.026" errors="0" timestamp="2024-08-26T13:04:02 BDT" skipped="0">
  <testcase classname="org.nadim.testscripts.TC006_TestNGBeforeAfterMethodandClass" name="testMethod2" time="0.006"/>
  <testcase classname="org.nadim.testscripts.TC006_TestNGBeforeAfterMethodandClass" name="testMethod1" time="0.020"/>
</testsuite> <!-- org.nadim.testscripts.TC006_TestNGBeforeAfterMethodandClass -->
