<?xml version="1.0" encoding="UTF-8"?>
<!-- Generated by org.testng.reporters.JUnitReportReporter -->
<testsuite hostname="DESKTOP-SNILOAU" failures="0" tests="2" name="org.nadim.dataproviderParameter.TC003_TestNGParallelExecution2" time="4.027" errors="0" timestamp="2024-08-27T12:21:22 BDT" skipped="0">
  <testcase classname="org.nadim.dataproviderParameter.TC003_TestNGParallelExecution2" name="m2" time="0.003"/>
  <testcase classname="org.nadim.dataproviderParameter.TC003_TestNGParallelExecution2" name="m" time="4.024"/>
</testsuite> <!-- org.nadim.dataproviderParameter.TC003_TestNGParallelExecution2 -->
