<?xml version="1.0" encoding="UTF-8"?>
<!-- Generated by org.testng.reporters.JUnitReportReporter -->
<testsuite hostname="DESKTOP-SNILOAU" failures="0" tests="3" name="org.nadim.dataproviderParameter.TC005_TestNGDataProvider2" time="0.013" errors="0" timestamp="2024-08-27T12:48:57 BDT" skipped="0">
  <testcase classname="org.nadim.dataproviderParameter.TC005_TestNGDataProvider2" name="testCredential" time="0.009"/>
  <testcase classname="org.nadim.dataproviderParameter.TC005_TestNGDataProvider2" name="testCredential" time="0.002"/>
  <testcase classname="org.nadim.dataproviderParameter.TC005_TestNGDataProvider2" name="testCredential" time="0.002"/>
</testsuite> <!-- org.nadim.dataproviderParameter.TC005_TestNGDataProvider2 -->
