<?xml version="1.0" encoding="UTF-8"?>
<!-- Generated by org.testng.reporters.JUnitReportReporter -->
<testsuite hostname="DESKTOP-SNILOAU" failures="0" tests="3" name="org.nadim.testscripts.TC008_TestNGGroupTesting" time="0.015" errors="0" timestamp="2024-08-26T20:38:10 BDT" skipped="0">
  <testcase classname="org.nadim.testscripts.TC008_TestNGGroupTesting" name="testMethod3" time="0.003"/>
  <testcase classname="org.nadim.testscripts.TC008_TestNGGroupTesting" name="testMethod1" time="0.009"/>
  <testcase classname="org.nadim.testscripts.TC008_TestNGGroupTesting" name="testMethod2" time="0.003"/>
</testsuite> <!-- org.nadim.testscripts.TC008_TestNGGroupTesting -->
