<?xml version="1.0" encoding="UTF-8"?>
<!-- Generated by org.testng.reporters.JUnitReportReporter -->
<testsuite hostname="DESKTOP-SNILOAU" failures="0" tests="6" name="org.nadim.testscripts.TC001_SumTwoNumbers" time="0.033" errors="0" timestamp="2024-08-27T10:09:56 BDT" skipped="0">
  <testcase classname="org.nadim.testscripts.TC001_SumTwoNumbers" name="testMethod2" time="0.003"/>
  <testcase classname="org.nadim.testscripts.TC001_SumTwoNumbers" name="testMethod3" time="0.003"/>
  <testcase classname="org.nadim.testscripts.TC001_SumTwoNumbers" name="testMethod3" time="0.005"/>
  <testcase classname="org.nadim.testscripts.TC001_SumTwoNumbers" name="testMethod2" time="0.003"/>
  <testcase classname="org.nadim.testscripts.TC001_SumTwoNumbers" name="testMethod1" time="0.016"/>
  <testcase classname="org.nadim.testscripts.TC001_SumTwoNumbers" name="testMethod1" time="0.003"/>
</testsuite> <!-- org.nadim.testscripts.TC001_SumTwoNumbers -->
