<?xml version="1.0" encoding="UTF-8"?>
<!-- Generated by org.testng.reporters.JUnitReportReporter -->
<testsuite hostname="DESKTOP-SNILOAU" failures="0" tests="3" name="org.nadim.testscripts.TC007_TestNGPriority" time="0.020" errors="0" timestamp="2024-08-26T18:00:05 BDT" skipped="0">
  <testcase classname="org.nadim.testscripts.TC007_TestNGPriority" name="testMethod1" time="0.011"/>
  <testcase classname="org.nadim.testscripts.TC007_TestNGPriority" name="testMethod3" time="0.005"/>
  <testcase classname="org.nadim.testscripts.TC007_TestNGPriority" name="testMethod2" time="0.004"/>
</testsuite> <!-- org.nadim.testscripts.TC007_TestNGPriority -->
