<?xml version="1.0" encoding="UTF-8"?>
<!-- Generated by org.testng.reporters.JUnitReportReporter -->
<testsuite hostname="DESKTOP-SNILOAU" failures="0" tests="3" name="org.nadim.testng.crossbrowsertesting.TestNGCrossBrowserTesting" time="80.442" errors="0" timestamp="2024-08-27T17:17:35 BDT" skipped="1">
  <testcase classname="org.nadim.testng.crossbrowsertesting.TestNGCrossBrowserTesting" name="chromeBrowser" time="15.359"/>
  <testcase classname="org.nadim.testng.crossbrowsertesting.TestNGCrossBrowserTesting" name="firefoxBrowser" time="65.083"/>
  <testcase classname="org.nadim.testng.crossbrowsertesting.TestNGCrossBrowserTesting" name="phanthomJSBrowser">
    <skipped/>
  </testcase> <!-- phanthomJSBrowser -->
</testsuite> <!-- org.nadim.testng.crossbrowsertesting.TestNGCrossBrowserTesting -->
