<?xml version="1.0" encoding="UTF-8"?>
<!-- Generated by org.testng.reporters.JUnitReportReporter -->
<testsuite hostname="DESKTOP-SNILOAU" failures="0" tests="2" name="org.nadim.testng.crossbrowsertesting.TC00_CrossBrowserTestingFramework" time="32.278" errors="0" timestamp="2024-08-27T21:46:29 BDT" skipped="0">
  <testcase classname="org.nadim.testng.crossbrowsertesting.TC00_CrossBrowserTestingFramework" name="launchingUrl" time="21.978"/>
  <testcase classname="org.nadim.testng.crossbrowsertesting.TC00_CrossBrowserTestingFramework" name="launchingUrl" time="10.300"/>
</testsuite> <!-- org.nadim.testng.crossbrowsertesting.TC00_CrossBrowserTestingFramework -->
