<?xml version="1.0" encoding="UTF-8"?>
<!-- Generated by org.testng.reporters.JUnitReportReporter -->
<testsuite hostname="DESKTOP-SNILOAU" failures="0" tests="2" name="org.nadim.testng.crossbrowsertesting.TC002_HeadlessBrowserTesting" time="117.569" errors="0" timestamp="2024-08-27T17:59:33 BDT" skipped="0">
  <testcase classname="org.nadim.testng.crossbrowsertesting.TC002_HeadlessBrowserTesting" name="chromeBrowser" time="57.620"/>
  <testcase classname="org.nadim.testng.crossbrowsertesting.TC002_HeadlessBrowserTesting" name="firefoxBrowser" time="59.949"/>
</testsuite> <!-- org.nadim.testng.crossbrowsertesting.TC002_HeadlessBrowserTesting -->
