<?xml version="1.0" encoding="UTF-8"?>
<!-- Generated by org.testng.reporters.JUnitReportReporter -->
<testsuite hostname="DESKTOP-SNILOAU" failures="0" tests="2" name="org.nadim.datadriven.testcases.TC003_LoginIntoApplicationUsingCSVFileAndDataProvider" time="53.809" errors="0" timestamp="2024-08-28T12:48:09 BDT" skipped="0">
  <testcase classname="org.nadim.datadriven.testcases.TC003_LoginIntoApplicationUsingCSVFileAndDataProvider" name="login" time="10.050"/>
  <testcase classname="org.nadim.datadriven.testcases.TC003_LoginIntoApplicationUsingCSVFileAndDataProvider" name="login" time="43.759"/>
</testsuite> <!-- org.nadim.datadriven.testcases.TC003_LoginIntoApplicationUsingCSVFileAndDataProvider -->
