<?xml version="1.0" encoding="UTF-8"?>
<!-- Generated by org.testng.reporters.JUnitReportReporter -->
<testsuite hostname="DESKTOP-SNILOAU" failures="0" tests="2" name="org.nadim.datadriven.testcases.TC004_LoginIntoApplicationUsingExcelFileAndDataProvider" time="23.025" errors="0" timestamp="2024-08-31T12:05:55 BDT" skipped="0">
  <testcase classname="org.nadim.datadriven.testcases.TC004_LoginIntoApplicationUsingExcelFileAndDataProvider" name="login" time="13.553"/>
  <testcase classname="org.nadim.datadriven.testcases.TC004_LoginIntoApplicationUsingExcelFileAndDataProvider" name="login" time="9.472"/>
</testsuite> <!-- org.nadim.datadriven.testcases.TC004_LoginIntoApplicationUsingExcelFileAndDataProvider -->
